2019-12-23 21:00:14  [ main:0 ] - [ INFO ]  启动客户端程序
2019-12-23 21:00:15  [ main:1166 ] - [ INFO ]  开启线程监听服务器消息
2019-12-23 21:00:15  [ Thread-1:1244 ] - [ INFO ]  读取文件列表:sb_zhao_lin.txt
2019-12-23 21:00:24  [ AWT-EventQueue-0:10496 ] - [ INFO ]  向服务器发送删除的请求
2019-12-23 21:00:24  [ Thread-1:10702 ] - [ INFO ]  文件删除
2019-12-23 21:00:24  [ Thread-1:10703 ] - [ INFO ]  文件删除成功
2019-12-23 21:00:26  [ Thread-1:12005 ] - [ INFO ]  向服务器发起读取群文件列表的消息
2019-12-23 21:00:26  [ Thread-1:12058 ] - [ INFO ]  读取文件列表: 
2019-12-23 21:14:34  [ main:0 ] - [ INFO ]  启动客户端程序
2019-12-23 21:14:35  [ main:145 ] - [ INFO ]  开启线程监听服务器消息
2019-12-23 21:14:35  [ Thread-1:265 ] - [ INFO ]  读取文件列表: 
2019-12-23 21:14:45  [ AWT-EventQueue-0:10758 ] - [ INFO ]  向服务器请求上传
2019-12-23 21:14:45  [ Thread-1:10842 ] - [ INFO ]  文件上传
2019-12-23 21:14:45  [ Thread-1:10843 ] - [ INFO ]  开启新线程传输文件
2019-12-23 21:14:45  [ Thread-4:10845 ] - [ INFO ]  上传模式
2019-12-23 21:14:45  [ Thread-4:10867 ] - [ INFO ]  开始上传--文件为学习进度.doc,大小为12288
2019-12-23 21:14:45  [ Thread-4:10868 ] - [ INFO ]  上传完成
2019-12-23 21:14:45  [ Thread-1:10905 ] - [ INFO ]  文件上传
2019-12-23 21:15:36  [ AWT-EventQueue-0:61133 ] - [ INFO ]  向服务器发送删除的请求
2019-12-23 21:15:36  [ Thread-1:61220 ] - [ INFO ]  文件删除
2019-12-23 21:15:36  [ Thread-1:61221 ] - [ INFO ]  向服务器发起读取群文件列表的消息
2019-12-23 21:15:36  [ Thread-1:61318 ] - [ INFO ]  读取文件列表:学习进度.doc
2019-12-23 21:17:12  [ AWT-EventQueue-0:157910 ] - [ INFO ]  向服务器请求上传
2019-12-23 21:17:12  [ Thread-1:157994 ] - [ INFO ]  文件上传
2019-12-23 21:17:12  [ Thread-1:157996 ] - [ INFO ]  开启新线程传输文件
2019-12-23 21:17:12  [ Thread-5:157997 ] - [ INFO ]  上传模式
2019-12-23 21:17:12  [ Thread-5:158020 ] - [ INFO ]  开始上传--文件为username2.xls,大小为18944
2019-12-23 21:17:12  [ Thread-5:158021 ] - [ INFO ]  上传完成
2019-12-23 21:17:12  [ Thread-1:158064 ] - [ INFO ]  文件上传
2019-12-23 21:25:03  [ AWT-EventQueue-0:628686 ] - [ INFO ]  向服务器发送删除的请求
2019-12-23 21:25:05  [ AWT-EventQueue-0:630141 ] - [ INFO ]  向服务器发送删除的请求
2019-12-23 21:25:05  [ AWT-EventQueue-0:630547 ] - [ INFO ]  向服务器发送删除的请求
2019-12-23 21:25:05  [ AWT-EventQueue-0:630718 ] - [ INFO ]  向服务器发送删除的请求
2019-12-23 21:25:05  [ AWT-EventQueue-0:630890 ] - [ INFO ]  向服务器发送删除的请求
2019-12-23 21:25:05  [ AWT-EventQueue-0:631002 ] - [ INFO ]  向服务器发送删除的请求
2019-12-23 21:25:06  [ AWT-EventQueue-0:631169 ] - [ INFO ]  向服务器发送删除的请求
2019-12-23 21:25:06  [ AWT-EventQueue-0:631400 ] - [ INFO ]  向服务器发送删除的请求
2019-12-23 21:39:01  [ main:0 ] - [ INFO ]  启动客户端程序
2019-12-23 21:39:01  [ main:202 ] - [ ERROR ]  true
2019-12-23 21:40:09  [ main:0 ] - [ INFO ]  启动客户端程序
2019-12-23 21:40:09  [ main:145 ] - [ INFO ]  开启线程监听服务器消息
2019-12-23 21:40:09  [ Thread-1:228 ] - [ INFO ]  读取文件列表: 
2019-12-23 21:40:23  [ AWT-EventQueue-0:14235 ] - [ INFO ]  向服务器请求上传
2019-12-23 21:40:23  [ Thread-1:14325 ] - [ INFO ]  文件上传
2019-12-23 21:40:23  [ Thread-1:14325 ] - [ INFO ]  开启新线程传输文件
2019-12-23 21:40:23  [ Thread-4:14327 ] - [ INFO ]  上传模式
2019-12-23 21:40:23  [ Thread-4:14355 ] - [ INFO ]  开始上传--文件为学习进度.doc,大小为12288
2019-12-23 21:40:23  [ Thread-4:14356 ] - [ INFO ]  上传完成
2019-12-23 21:40:23  [ Thread-1:14391 ] - [ INFO ]  文件上传
2019-12-23 21:40:23  [ Thread-1:14391 ] - [ INFO ]  上传完成
2019-12-23 21:40:28  [ Thread-1:18463 ] - [ INFO ]  向服务器发起读取群文件列表的消息
2019-12-23 21:40:28  [ Thread-1:18556 ] - [ INFO ]  读取文件列表:学习进度.doc
2019-12-23 21:41:31  [ AWT-EventQueue-0:81442 ] - [ INFO ]  向服务器请求下载
2019-12-23 21:41:31  [ Thread-1:81529 ] - [ INFO ]  文件下载
2019-12-23 21:41:31  [ Thread-1:81530 ] - [ INFO ]  开启新线程传输文件
2019-12-23 21:41:31  [ Thread-5:81532 ] - [ INFO ]  下载模式
2019-12-23 21:41:31  [ Thread-5:81556 ] - [ INFO ]  客户端开始下载
2019-12-23 21:41:31  [ Thread-5:81595 ] - [ INFO ]  客户端下载完成
2019-12-23 21:42:10  [ AWT-EventQueue-0:121210 ] - [ INFO ]  向服务器请求上传
2019-12-23 21:42:10  [ Thread-1:121293 ] - [ INFO ]  文件上传
2019-12-23 21:42:10  [ Thread-1:121293 ] - [ INFO ]  开启新线程传输文件
2019-12-23 21:42:10  [ Thread-6:121294 ] - [ INFO ]  上传模式
2019-12-23 21:42:10  [ Thread-6:121318 ] - [ INFO ]  开始上传--文件为username2.xls,大小为18944
2019-12-23 21:42:10  [ Thread-6:121321 ] - [ INFO ]  上传完成
2019-12-23 21:42:11  [ Thread-1:121441 ] - [ INFO ]  文件上传
2019-12-23 21:42:11  [ Thread-1:121442 ] - [ INFO ]  上传完成
2019-12-23 21:42:12  [ Thread-1:122708 ] - [ INFO ]  向服务器发起读取群文件列表的消息
2019-12-23 21:42:12  [ Thread-1:122813 ] - [ INFO ]  读取文件列表:学习进度.doc
2019-12-23 21:45:51  [ main:0 ] - [ INFO ]  启动客户端程序
2019-12-23 21:45:52  [ main:145 ] - [ INFO ]  开启线程监听服务器消息
2019-12-23 21:45:52  [ Thread-1:229 ] - [ INFO ]  读取文件列表: 
2019-12-23 21:46:01  [ AWT-EventQueue-0:9922 ] - [ INFO ]  向服务器请求上传
2019-12-23 21:46:01  [ Thread-1:10007 ] - [ INFO ]  文件上传
2019-12-23 21:46:01  [ Thread-1:10007 ] - [ INFO ]  开启新线程传输文件
2019-12-23 21:46:01  [ Thread-4:10008 ] - [ INFO ]  上传模式
2019-12-23 21:46:01  [ Thread-4:10030 ] - [ INFO ]  开始上传--文件为学习进度.doc,大小为12288
2019-12-23 21:46:01  [ Thread-4:10031 ] - [ INFO ]  上传完成
2019-12-23 21:46:01  [ Thread-1:10071 ] - [ INFO ]  文件上传
2019-12-23 21:46:01  [ Thread-1:10071 ] - [ INFO ]  上传完成
2019-12-23 21:46:04  [ Thread-1:12141 ] - [ INFO ]  向服务器发起读取群文件列表的消息
2019-12-23 21:46:04  [ Thread-1:12243 ] - [ INFO ]  读取文件列表:学习进度.doc
2019-12-23 21:46:22  [ AWT-EventQueue-0:30948 ] - [ INFO ]  向服务器请求上传
2019-12-23 21:46:22  [ Thread-1:31035 ] - [ INFO ]  文件上传
2019-12-23 21:46:22  [ Thread-1:31035 ] - [ INFO ]  开启新线程传输文件
2019-12-23 21:46:22  [ Thread-5:31037 ] - [ INFO ]  上传模式
2019-12-23 21:46:22  [ Thread-5:31062 ] - [ INFO ]  开始上传--文件为username2.xls,大小为18944
2019-12-23 21:46:22  [ Thread-5:31064 ] - [ INFO ]  上传完成
2019-12-23 21:46:22  [ Thread-1:31109 ] - [ INFO ]  文件上传
2019-12-23 21:46:22  [ Thread-1:31109 ] - [ INFO ]  上传完成
2019-12-23 21:46:24  [ Thread-1:32616 ] - [ INFO ]  向服务器发起读取群文件列表的消息
2019-12-23 21:46:24  [ Thread-1:32704 ] - [ INFO ]  读取文件列表:学习进度.doc
2019-12-23 21:51:01  [ AWT-EventQueue-0:309165 ] - [ INFO ]  向服务器发送删除的请求
2019-12-23 21:51:01  [ Thread-1:309322 ] - [ INFO ]  文件删除
2019-12-23 21:51:01  [ Thread-1:309323 ] - [ INFO ]  文件删除成功
2019-12-23 21:51:02  [ Thread-1:310588 ] - [ INFO ]  向服务器发起读取群文件列表的消息
2019-12-23 21:51:02  [ Thread-1:310649 ] - [ INFO ]  读取文件列表:username2.xls
2019-12-23 21:51:33  [ main:0 ] - [ INFO ]  启动客户端程序
2019-12-23 21:51:33  [ main:168 ] - [ INFO ]  开启线程监听服务器消息
2019-12-23 21:51:33  [ Thread-1:260 ] - [ INFO ]  读取文件列表:username2.xls
2019-12-23 21:51:43  [ AWT-EventQueue-0:10446 ] - [ INFO ]  向服务器请求上传
2019-12-23 21:51:43  [ Thread-1:10644 ] - [ INFO ]  文件上传
2019-12-23 21:51:43  [ Thread-1:10645 ] - [ INFO ]  开启新线程传输文件
2019-12-23 21:51:43  [ Thread-4:10652 ] - [ INFO ]  上传模式
2019-12-23 21:51:43  [ Thread-4:10799 ] - [ INFO ]  开始上传--文件为学习进度.doc,大小为12288
2019-12-23 21:51:43  [ Thread-4:10803 ] - [ INFO ]  上传完成
2019-12-23 21:51:44  [ Thread-1:10941 ] - [ INFO ]  文件上传
2019-12-23 21:51:44  [ Thread-1:10941 ] - [ INFO ]  上传完成
2019-12-23 21:51:45  [ Thread-1:12394 ] - [ INFO ]  向服务器发起读取群文件列表的消息
2019-12-23 21:51:45  [ Thread-1:12496 ] - [ INFO ]  读取文件列表:学习进度.doc
